<?xml version="1.0" encoding="UTF-8"?>
<!-- Generated by org.testng.reporters.JUnitReportReporter -->
<testsuite hostname="DESKTOP-JM2QD95" failures="0" tests="2" name="Final_demo.HomePage" time="29.673" errors="0" timestamp="2021-10-29T08:53:27 IST" skipped="0">
  <testcase classname="Final_demo.HomePage" name="hompagenavigation" time="15.590"/>
  <system-out/>
  <testcase classname="Final_demo.HomePage" name="hompagenavigation" time="14.083"/>
  <system-out/>
</testsuite> <!-- Final_demo.HomePage -->
