<?xml version="1.0" encoding="UTF-8"?>
<!-- Generated by org.testng.reporters.JUnitReportReporter -->
<testsuite hostname="DESKTOP-JM2QD95" failures="0" tests="2" name="Final_demo.HomePageAllen" time="39.353" errors="0" timestamp="2021-10-29T18:19:14 IST" skipped="0">
  <testcase classname="Final_demo.HomePageAllen" name="homepageallennavigation" time="21.294"/>
  <system-out/>
  <testcase classname="Final_demo.HomePageAllen" name="homepageallennavigation" time="18.059"/>
  <system-out/>
</testsuite> <!-- Final_demo.HomePageAllen -->
