<?xml version="1.0" encoding="UTF-8"?>
<!-- Generated by org.testng.reporters.JUnitReportReporter -->
<testsuite skipped="0" hostname="DESKTOP-JM2QD95" name="Final_demo.HomePageAllen" tests="2" failures="0" timestamp="2021-10-30T08:40:11 IST" time="59.584" errors="0">
  <testcase name="homepageallennavigation" time="22.678" classname="Final_demo.HomePageAllen"/>
  <system-out/>
  <testcase name="homepageallennavigation" time="36.906" classname="Final_demo.HomePageAllen"/>
  <system-out/>
</testsuite> <!-- Final_demo.HomePageAllen -->
