<?xml version="1.0" encoding="UTF-8"?>
<!-- Generated by org.testng.reporters.JUnitReportReporter -->
<testsuite skipped="0" hostname="DESKTOP-JM2QD95" name="Final_demo.HomePage" tests="2" failures="0" timestamp="2021-10-30T08:40:11 IST" time="55.217" errors="0">
  <testcase name="hompagenavigation" time="33.421" classname="Final_demo.HomePage"/>
  <system-out/>
  <testcase name="hompagenavigation" time="21.796" classname="Final_demo.HomePage"/>
  <system-out/>
</testsuite> <!-- Final_demo.HomePage -->
